生成启动时间为 2016/6/28 星期二 1:10:12。
     1>项目“F:\PPT\DB\EXP\stumana\stumana\stumana.vcxproj”在节点 2 上(Build 个目标)。
     1>ClCompile:
         G:\Program Files (x86)\Microsoft Visual Studio 11.0\VC\bin\x86_amd64\CL.exe /c /Zi /nologo /W3 /WX- /sdl /O2 /Oi /GL /D WIN32 /D _WINDOWS /D NDEBUG /D _UNICODE /D UNICODE /D _AFXDLL /Gm- /EHsc /MD /GS /Gy /fp:precise /Zc:wchar_t /Zc:forScope /Yu"stdafx.h" /Fp"x64\Release\stumana.pch" /Fo"x64\Release\\" /Fd"x64\Release\vc110.pdb" /Gd /TP /errorReport:prompt stumanaDlg.cpp
         stumanaDlg.cpp
       ResourceCompile:
         C:\Program Files (x86)\Windows Kits\8.0\bin\x86\rc.exe /D NDEBUG /D _UNICODE /D UNICODE /D _AFXDLL /l"0x0804" /Ix64\Release\ /nologo /fo"x64\Release\stumana.res" stumana.rc 
       Link:
         G:\Program Files (x86)\Microsoft Visual Studio 11.0\VC\bin\x86_amd64\link.exe /ERRORREPORT:PROMPT /OUT:"F:\PPT\DB\EXP\stumana\x64\Release\stumana.exe" /INCREMENTAL:NO /NOLOGO /MANIFEST /MANIFESTUAC:"level='asInvoker' uiAccess='false'" /manifest:embed /manifestinput:"G:\Program Files (x86)\Microsoft Visual Studio 11.0\VC\Include\Manifest\dpiaware.manifest" /DEBUG /PDB:"F:\PPT\DB\EXP\stumana\x64\Release\stumana.pdb" /SUBSYSTEM:WINDOWS /OPT:REF /OPT:ICF /LTCG /TLBID:1 /ENTRY:"wWinMainCRTStartup" /DYNAMICBASE /NXCOMPAT /IMPLIB:"F:\PPT\DB\EXP\stumana\x64\Release\stumana.lib" /MACHINE:X64 x64\Release\stumana.res
         x64\Release\querysDlg.obj
         x64\Release\signinDlg.obj
         x64\Release\EditTable.obj
         x64\Release\ItemEdit.obj
         x64\Release\stdafx.obj
         x64\Release\stumana.obj
         x64\Release\stumanaDlg.obj
         正在生成代码
     1>f:\ppt\db\exp\stumana\stumana\signindlg.cpp(79): warning C4715: “Csignin::conn”: 不是所有的控件路径都返回值
         已完成代码的生成
         stumana.vcxproj -> F:\PPT\DB\EXP\stumana\x64\Release\stumana.exe
     1>已完成生成项目“F:\PPT\DB\EXP\stumana\stumana\stumana.vcxproj”(Build 个目标)的操作。

生成成功。

已用时间 00:00:10.67
