F:\PPT\DB\EXP\STUMANA\STUMANA\DEBUG\STUMANA.PCH
F:\PPT\DB\EXP\STUMANA\STUMANA\DEBUG\STDAFX.OBJ
F:\PPT\DB\EXP\STUMANA\STUMANA\DEBUG\VC110.PDB
F:\PPT\DB\EXP\STUMANA\STUMANA\DEBUG\STUMANA.OBJ
F:\PPT\DB\EXP\STUMANA\STUMANA\DEBUG\STUMANADLG.OBJ
F:\PPT\DB\EXP\STUMANA\DEBUG\STUMANA.ILK
F:\PPT\DB\EXP\STUMANA\DEBUG\STUMANA.EXE
F:\PPT\DB\EXP\STUMANA\DEBUG\STUMANA.PDB
F:\PPT\DB\EXP\STUMANA\STUMANA\DEBUG\STUMANA.RES
F:\PPT\DB\EXP\stumana\stumana\Debug\stdafx.obj
F:\PPT\DB\EXP\stumana\stumana\Debug\stumana.obj
F:\PPT\DB\EXP\stumana\stumana\Debug\stumanaDlg.obj
F:\PPT\DB\EXP\stumana\stumana\Debug\msado15.tli
F:\PPT\DB\EXP\stumana\stumana\Debug\msado15.tlh
F:\PPT\DB\EXP\stumana\stumana\Debug\cl.command.1.tlog
F:\PPT\DB\EXP\stumana\stumana\Debug\CL.read.1.tlog
F:\PPT\DB\EXP\stumana\stumana\Debug\CL.write.1.tlog
F:\PPT\DB\EXP\stumana\stumana\Debug\link-cvtres.read.1.tlog
F:\PPT\DB\EXP\stumana\stumana\Debug\link-cvtres.write.1.tlog
F:\PPT\DB\EXP\stumana\stumana\Debug\link-mt.read.1.tlog
F:\PPT\DB\EXP\stumana\stumana\Debug\link-mt.write.1.tlog
F:\PPT\DB\EXP\stumana\stumana\Debug\link-rc.read.1.tlog
F:\PPT\DB\EXP\stumana\stumana\Debug\link-rc.write.1.tlog
F:\PPT\DB\EXP\stumana\stumana\Debug\link.command.1.tlog
F:\PPT\DB\EXP\stumana\stumana\Debug\link.read.1.tlog
F:\PPT\DB\EXP\stumana\stumana\Debug\link.write.1.tlog
F:\PPT\DB\EXP\stumana\stumana\Debug\rc.command.1.tlog
F:\PPT\DB\EXP\stumana\stumana\Debug\rc.read.1.tlog
F:\PPT\DB\EXP\stumana\stumana\Debug\rc.write.1.tlog
F:\PPT\DB\EXP\stumana\stumana\Debug\stumana.res
F:\PPT\DB\EXP\stumana\stumana\Debug\stumana.pch
F:\PPT\DB\EXP\stumana\stumana\Debug\vc110.idb
F:\PPT\DB\EXP\stumana\stumana\Debug\vc110.pdb
F:\PPT\DB\EXP\stumana\Debug\stumana.pdb
F:\PPT\DB\EXP\stumana\Debug\stumana.exe
F:\PPT\DB\EXP\stumana\Debug\stumana.ilk
