F:\PPT\DB\EXP\STUMANA\STUMANA\X64\DEBUG\STUMANA.PCH
F:\PPT\DB\EXP\STUMANA\STUMANA\X64\DEBUG\STDAFX.OBJ
F:\PPT\DB\EXP\STUMANA\STUMANA\X64\DEBUG\VC110.PDB
F:\PPT\DB\EXP\STUMANA\STUMANA\X64\DEBUG\QUERYSDLG.OBJ
F:\PPT\DB\EXP\STUMANA\STUMANA\X64\DEBUG\SIGNINDLG.OBJ
F:\PPT\DB\EXP\STUMANA\STUMANA\X64\DEBUG\EDITTABLE.OBJ
F:\PPT\DB\EXP\STUMANA\STUMANA\X64\DEBUG\ITEMEDIT.OBJ
F:\PPT\DB\EXP\STUMANA\STUMANA\X64\DEBUG\STUMANA.OBJ
F:\PPT\DB\EXP\STUMANA\STUMANA\X64\DEBUG\STUMANADLG.OBJ
F:\PPT\DB\EXP\STUMANA\X64\DEBUG\STUMANA.ILK
F:\PPT\DB\EXP\STUMANA\X64\DEBUG\STUMANA.EXE
F:\PPT\DB\EXP\STUMANA\X64\DEBUG\STUMANA.PDB
F:\PPT\DB\EXP\STUMANA\STUMANA\X64\DEBUG\STUMANA.RES
F:\PPT\DB\EXP\stumana\stumana\x64\Debug\EditTable.obj
F:\PPT\DB\EXP\stumana\stumana\x64\Debug\ItemEdit.obj
F:\PPT\DB\EXP\stumana\stumana\x64\Debug\querysDlg.obj
F:\PPT\DB\EXP\stumana\stumana\x64\Debug\signinDlg.obj
F:\PPT\DB\EXP\stumana\stumana\x64\Debug\stdafx.obj
F:\PPT\DB\EXP\stumana\stumana\x64\Debug\stumana.obj
F:\PPT\DB\EXP\stumana\stumana\x64\Debug\stumanaDlg.obj
F:\PPT\DB\EXP\stumana\stumana\x64\Debug\msado15.tli
F:\PPT\DB\EXP\stumana\stumana\x64\Debug\msado15.tlh
F:\PPT\DB\EXP\stumana\stumana\x64\Debug\cl.command.1.tlog
F:\PPT\DB\EXP\stumana\stumana\x64\Debug\CL.read.1.tlog
F:\PPT\DB\EXP\stumana\stumana\x64\Debug\CL.write.1.tlog
F:\PPT\DB\EXP\stumana\stumana\x64\Debug\link-cvtres.read.1.tlog
F:\PPT\DB\EXP\stumana\stumana\x64\Debug\link-cvtres.write.1.tlog
F:\PPT\DB\EXP\stumana\stumana\x64\Debug\link-mt.read.1.tlog
F:\PPT\DB\EXP\stumana\stumana\x64\Debug\link-mt.write.1.tlog
F:\PPT\DB\EXP\stumana\stumana\x64\Debug\link-rc.read.1.tlog
F:\PPT\DB\EXP\stumana\stumana\x64\Debug\link-rc.write.1.tlog
F:\PPT\DB\EXP\stumana\stumana\x64\Debug\link.8756-cvtres.read.1.tlog
F:\PPT\DB\EXP\stumana\stumana\x64\Debug\link.8756-cvtres.write.1.tlog
F:\PPT\DB\EXP\stumana\stumana\x64\Debug\link.8756-mt.read.1.tlog
F:\PPT\DB\EXP\stumana\stumana\x64\Debug\link.8756-mt.write.1.tlog
F:\PPT\DB\EXP\stumana\stumana\x64\Debug\link.8756-rc.read.1.tlog
F:\PPT\DB\EXP\stumana\stumana\x64\Debug\link.8756-rc.write.1.tlog
F:\PPT\DB\EXP\stumana\stumana\x64\Debug\link.8756.read.1.tlog
F:\PPT\DB\EXP\stumana\stumana\x64\Debug\link.8756.write.1.tlog
F:\PPT\DB\EXP\stumana\stumana\x64\Debug\link.command.1.tlog
F:\PPT\DB\EXP\stumana\stumana\x64\Debug\link.read.1.tlog
F:\PPT\DB\EXP\stumana\stumana\x64\Debug\link.write.1.tlog
F:\PPT\DB\EXP\stumana\stumana\x64\Debug\rc.command.1.tlog
F:\PPT\DB\EXP\stumana\stumana\x64\Debug\rc.read.1.tlog
F:\PPT\DB\EXP\stumana\stumana\x64\Debug\rc.write.1.tlog
F:\PPT\DB\EXP\stumana\stumana\x64\Debug\stumana.res
F:\PPT\DB\EXP\stumana\stumana\x64\Debug\stumana.pch
F:\PPT\DB\EXP\stumana\stumana\x64\Debug\vc110.idb
F:\PPT\DB\EXP\stumana\stumana\x64\Debug\vc110.pdb
F:\PPT\DB\EXP\stumana\x64\Debug\stumana.pdb
F:\PPT\DB\EXP\stumana\x64\Debug\stumana.exe
F:\PPT\DB\EXP\stumana\x64\Debug\stumana.ilk
