生成启动时间为 2016/6/28 星期二 0:45:15。
     1>项目“F:\PPT\DB\EXP\stumana\stumana\stumana.vcxproj”在节点 2 上(Build 个目标)。
     1>ClCompile:
         G:\Program Files (x86)\Microsoft Visual Studio 11.0\VC\bin\x86_amd64\CL.exe /c /Zi /nologo /W3 /WX- /sdl /Od /D WIN32 /D _WINDOWS /D _DEBUG /D _CRT_SECURE_NO_WARNINGS /D _UNICODE /D UNICODE /D _AFXDLL /Gm /EHsc /RTC1 /MDd /GS /fp:precise /Zc:wchar_t /Zc:forScope /Yu"stdafx.h" /Fp"x64\Debug\stumana.pch" /Fo"x64\Debug\\" /Fd"x64\Debug\vc110.pdb" /Gd /TP /errorReport:prompt stumana.cpp stumanaDlg.cpp
         stumanaDlg.cpp
         正在生成代码...
         正在跳过...(未检测到相关更改)
         stumana.cpp
       Link:
         G:\Program Files (x86)\Microsoft Visual Studio 11.0\VC\bin\x86_amd64\link.exe /ERRORREPORT:PROMPT /OUT:"F:\PPT\DB\EXP\stumana\x64\Debug\stumana.exe" /INCREMENTAL /NOLOGO /MANIFEST /MANIFESTUAC:"level='asInvoker' uiAccess='false'" /manifest:embed /manifestinput:"G:\Program Files (x86)\Microsoft Visual Studio 11.0\VC\Include\Manifest\dpiaware.manifest" /DEBUG /PDB:"F:\PPT\DB\EXP\stumana\x64\Debug\stumana.pdb" /SUBSYSTEM:WINDOWS /TLBID:1 /ENTRY:"wWinMainCRTStartup" /DYNAMICBASE /NXCOMPAT /IMPLIB:"F:\PPT\DB\EXP\stumana\x64\Debug\stumana.lib" /MACHINE:X64 x64\Debug\stumana.res
         x64\Debug\querysDlg.obj
         x64\Debug\signinDlg.obj
         x64\Debug\EditTable.obj
         x64\Debug\ItemEdit.obj
         x64\Debug\stdafx.obj
         x64\Debug\stumana.obj
         x64\Debug\stumanaDlg.obj
         stumana.vcxproj -> F:\PPT\DB\EXP\stumana\x64\Debug\stumana.exe
     1>已完成生成项目“F:\PPT\DB\EXP\stumana\stumana\stumana.vcxproj”(Build 个目标)的操作。

生成成功。

已用时间 00:00:03.38
